{
  "stats": {
    "suites": 1,
    "tests": 2,
    "passes": 1,
    "pending": 0,
    "failures": 1,
    "start": "2022-04-06T22:18:14.262Z",
    "end": "2022-04-06T22:18:25.210Z",
    "duration": 10948,
    "testsRegistered": 2,
    "passPercent": 50,
    "pendingPercent": 0,
    "other": 0,
    "hasOther": false,
    "skipped": 0,
    "hasSkipped": false
  },
  "results": [
    {
      "uuid": "4ddbfe18-d49f-45a3-baec-7667dd37c7f1",
      "title": "",
      "fullFile": "cypress/fixtures/MakePurshase.feature",
      "file": "cypress/fixtures/MakePurshase.feature",
      "beforeHooks": [],
      "afterHooks": [],
      "tests": [],
      "suites": [
        {
          "uuid": "5d9f74ab-fc18-4aec-b82d-72e638ce4fa2",
          "title": "Make Purshase",
          "fullFile": "",
          "file": "",
          "beforeHooks": [],
          "afterHooks": [],
          "tests": [
            {
              "title": "Add item to cart (example #1)",
              "fullTitle": "Make Purshase Add item to cart (example #1)",
              "timedOut": null,
              "duration": 2670,
              "state": "passed",
              "speed": "fast",
              "pass": true,
              "fail": false,
              "pending": false,
              "context": null,
              "code": "const state = window.testState;\nreturn cy\n  .then(() => state.onStartScenario(scenario, indexedSteps))\n  .then(() =>\n    resolveAndRunBeforeHooks.call(this, scenario.tags, state.feature.name)\n  )\n  .then(() =>\n    indexedSteps.forEach((step) =>\n      stepTest.call(this, state, step, rowData)\n    )\n  )\n  .then(() => state.onFinishScenario(scenario));",
              "err": {},
              "uuid": "4a9bf9c3-c28f-495d-a8f5-bec80255127c",
              "parentUUID": "5d9f74ab-fc18-4aec-b82d-72e638ce4fa2",
              "isHook": false,
              "skipped": false
            },
            {
              "title": "Remove item from cart (example #1)",
              "fullTitle": "Make Purshase Remove item from cart (example #1)",
              "timedOut": null,
              "duration": 5765,
              "state": "failed",
              "speed": null,
              "pass": false,
              "fail": true,
              "pending": false,
              "context": null,
              "code": "const state = window.testState;\nreturn cy\n  .then(() => state.onStartScenario(scenario, indexedSteps))\n  .then(() =>\n    resolveAndRunBeforeHooks.call(this, scenario.tags, state.feature.name)\n  )\n  .then(() =>\n    indexedSteps.forEach((step) =>\n      stepTest.call(this, state, step, rowData)\n    )\n  )\n  .then(() => state.onFinishScenario(scenario));",
              "err": {
                "message": "AssertionError: Timed out retrying after 4000ms: expected '<button#checkout.btn.btn_action.btn_medium.checkout_button>' to be 'hidden'",
                "estack": "AssertionError: Timed out retrying after 4000ms: expected '<button#checkout.btn.btn_action.btn_medium.checkout_button>' to be 'hidden'\n    at CartPage.seeHiddenCheckoutButton (https://www.saucedemo.com/__cypress/tests?p=cypress\\fixtures\\MakePurshase.feature:364:42)\n    at Context.eval (https://www.saucedemo.com/__cypress/tests?p=cypress\\fixtures\\MakePurshase.feature:806:12)\n    at Context.resolveAndRunStepDefinition (https://www.saucedemo.com/__cypress/tests?p=cypress\\fixtures\\MakePurshase.feature:19248:29)\n    at Context.eval (https://www.saucedemo.com/__cypress/tests?p=cypress\\fixtures\\MakePurshase.feature:18569:35)",
                "diff": null
              },
              "uuid": "d26aad49-f9c0-41a0-a7ca-d77c466d5f2b",
              "parentUUID": "5d9f74ab-fc18-4aec-b82d-72e638ce4fa2",
              "isHook": false,
              "skipped": false
            }
          ],
          "suites": [],
          "passes": [
            "4a9bf9c3-c28f-495d-a8f5-bec80255127c"
          ],
          "failures": [
            "d26aad49-f9c0-41a0-a7ca-d77c466d5f2b"
          ],
          "pending": [],
          "skipped": [],
          "duration": 8435,
          "root": false,
          "rootEmpty": false,
          "_timeout": 2000
        }
      ],
      "passes": [],
      "failures": [],
      "pending": [],
      "skipped": [],
      "duration": 0,
      "root": true,
      "rootEmpty": true,
      "_timeout": 2000
    }
  ],
  "meta": {
    "mocha": {
      "version": "7.0.1"
    },
    "mochawesome": {
      "options": {
        "quiet": false,
        "reportFilename": "mochawesome",
        "saveHtml": false,
        "saveJson": true,
        "consoleReporter": "spec",
        "useInlineDiffs": false,
        "code": true
      },
      "version": "7.1.3"
    },
    "marge": {
      "options": {
        "id": "default",
        "reportDir": "cypress/reports/mocha",
        "quite": true,
        "overwrite": false,
        "html": false,
        "json": true
      },
      "version": "6.2.0"
    }
  }
}