{
  "stats": {
    "suites": 1,
    "tests": 6,
    "passes": 6,
    "pending": 0,
    "failures": 0,
    "start": "2022-04-07T03:42:35.306Z",
    "end": "2022-04-07T03:42:49.113Z",
    "duration": 13807,
    "testsRegistered": 6,
    "passPercent": 100,
    "pendingPercent": 0,
    "other": 0,
    "hasOther": false,
    "skipped": 0,
    "hasSkipped": false
  },
  "results": [
    {
      "uuid": "30afbe28-581f-4c43-a6f0-3afec3a5fbc9",
      "title": "",
      "fullFile": "cypress/fixtures/LoginTest.feature",
      "file": "cypress/fixtures/LoginTest.feature",
      "beforeHooks": [],
      "afterHooks": [],
      "tests": [],
      "suites": [
        {
          "uuid": "e9388c08-ddce-462a-b427-9a3155d45edc",
          "title": "Login",
          "fullFile": "",
          "file": "",
          "beforeHooks": [],
          "afterHooks": [],
          "tests": [
            {
              "title": "LoginTest (example #1)",
              "fullTitle": "Login LoginTest (example #1)",
              "timedOut": null,
              "duration": 1351,
              "state": "passed",
              "speed": "fast",
              "pass": true,
              "fail": false,
              "pending": false,
              "context": null,
              "code": "const state = window.testState;\nreturn cy\n  .then(() => state.onStartScenario(scenario, indexedSteps))\n  .then(() =>\n    resolveAndRunBeforeHooks.call(this, scenario.tags, state.feature.name)\n  )\n  .then(() =>\n    indexedSteps.forEach((step) =>\n      stepTest.call(this, state, step, rowData)\n    )\n  )\n  .then(() => state.onFinishScenario(scenario));",
              "err": {},
              "uuid": "2a57c191-45d6-494e-b766-d2315d87e755",
              "parentUUID": "e9388c08-ddce-462a-b427-9a3155d45edc",
              "isHook": false,
              "skipped": false
            },
            {
              "title": "LoginTest (example #2)",
              "fullTitle": "Login LoginTest (example #2)",
              "timedOut": null,
              "duration": 887,
              "state": "passed",
              "speed": "fast",
              "pass": true,
              "fail": false,
              "pending": false,
              "context": null,
              "code": "const state = window.testState;\nreturn cy\n  .then(() => state.onStartScenario(scenario, indexedSteps))\n  .then(() =>\n    resolveAndRunBeforeHooks.call(this, scenario.tags, state.feature.name)\n  )\n  .then(() =>\n    indexedSteps.forEach((step) =>\n      stepTest.call(this, state, step, rowData)\n    )\n  )\n  .then(() => state.onFinishScenario(scenario));",
              "err": {},
              "uuid": "e5967655-732f-415d-9409-672f9a26dfd5",
              "parentUUID": "e9388c08-ddce-462a-b427-9a3155d45edc",
              "isHook": false,
              "skipped": false
            },
            {
              "title": "LoginTest (example #3)",
              "fullTitle": "Login LoginTest (example #3)",
              "timedOut": null,
              "duration": 866,
              "state": "passed",
              "speed": "fast",
              "pass": true,
              "fail": false,
              "pending": false,
              "context": null,
              "code": "const state = window.testState;\nreturn cy\n  .then(() => state.onStartScenario(scenario, indexedSteps))\n  .then(() =>\n    resolveAndRunBeforeHooks.call(this, scenario.tags, state.feature.name)\n  )\n  .then(() =>\n    indexedSteps.forEach((step) =>\n      stepTest.call(this, state, step, rowData)\n    )\n  )\n  .then(() => state.onFinishScenario(scenario));",
              "err": {},
              "uuid": "1602b5b9-1191-4cbd-b095-8eda718dd384",
              "parentUUID": "e9388c08-ddce-462a-b427-9a3155d45edc",
              "isHook": false,
              "skipped": false
            },
            {
              "title": "LoginTest (example #4)",
              "fullTitle": "Login LoginTest (example #4)",
              "timedOut": null,
              "duration": 927,
              "state": "passed",
              "speed": "fast",
              "pass": true,
              "fail": false,
              "pending": false,
              "context": null,
              "code": "const state = window.testState;\nreturn cy\n  .then(() => state.onStartScenario(scenario, indexedSteps))\n  .then(() =>\n    resolveAndRunBeforeHooks.call(this, scenario.tags, state.feature.name)\n  )\n  .then(() =>\n    indexedSteps.forEach((step) =>\n      stepTest.call(this, state, step, rowData)\n    )\n  )\n  .then(() => state.onFinishScenario(scenario));",
              "err": {},
              "uuid": "eef6b426-ac3d-4518-901b-4889811a2d01",
              "parentUUID": "e9388c08-ddce-462a-b427-9a3155d45edc",
              "isHook": false,
              "skipped": false
            },
            {
              "title": "LoginTest (example #5)",
              "fullTitle": "Login LoginTest (example #5)",
              "timedOut": null,
              "duration": 6250,
              "state": "passed",
              "speed": "medium",
              "pass": true,
              "fail": false,
              "pending": false,
              "context": null,
              "code": "const state = window.testState;\nreturn cy\n  .then(() => state.onStartScenario(scenario, indexedSteps))\n  .then(() =>\n    resolveAndRunBeforeHooks.call(this, scenario.tags, state.feature.name)\n  )\n  .then(() =>\n    indexedSteps.forEach((step) =>\n      stepTest.call(this, state, step, rowData)\n    )\n  )\n  .then(() => state.onFinishScenario(scenario));",
              "err": {},
              "uuid": "69277228-1eec-4387-8a92-86a86679a114",
              "parentUUID": "e9388c08-ddce-462a-b427-9a3155d45edc",
              "isHook": false,
              "skipped": false
            },
            {
              "title": "LoginTest (example #6)",
              "fullTitle": "Login LoginTest (example #6)",
              "timedOut": null,
              "duration": 616,
              "state": "passed",
              "speed": "fast",
              "pass": true,
              "fail": false,
              "pending": false,
              "context": null,
              "code": "const state = window.testState;\nreturn cy\n  .then(() => state.onStartScenario(scenario, indexedSteps))\n  .then(() =>\n    resolveAndRunBeforeHooks.call(this, scenario.tags, state.feature.name)\n  )\n  .then(() =>\n    indexedSteps.forEach((step) =>\n      stepTest.call(this, state, step, rowData)\n    )\n  )\n  .then(() => state.onFinishScenario(scenario));",
              "err": {},
              "uuid": "5019d7d6-a5d7-429b-8c39-13d584d3922a",
              "parentUUID": "e9388c08-ddce-462a-b427-9a3155d45edc",
              "isHook": false,
              "skipped": false
            }
          ],
          "suites": [],
          "passes": [
            "2a57c191-45d6-494e-b766-d2315d87e755",
            "e5967655-732f-415d-9409-672f9a26dfd5",
            "1602b5b9-1191-4cbd-b095-8eda718dd384",
            "eef6b426-ac3d-4518-901b-4889811a2d01",
            "69277228-1eec-4387-8a92-86a86679a114",
            "5019d7d6-a5d7-429b-8c39-13d584d3922a"
          ],
          "failures": [],
          "pending": [],
          "skipped": [],
          "duration": 10897,
          "root": false,
          "rootEmpty": false,
          "_timeout": 2000
        }
      ],
      "passes": [],
      "failures": [],
      "pending": [],
      "skipped": [],
      "duration": 0,
      "root": true,
      "rootEmpty": true,
      "_timeout": 2000
    }
  ],
  "meta": {
    "mocha": {
      "version": "7.0.1"
    },
    "mochawesome": {
      "options": {
        "quiet": false,
        "reportFilename": "mochawesome",
        "saveHtml": false,
        "saveJson": true,
        "consoleReporter": "spec",
        "useInlineDiffs": false,
        "code": true
      },
      "version": "7.1.3"
    },
    "marge": {
      "options": {
        "id": "default",
        "reportDir": "cypress/reports/mocha",
        "quite": true,
        "overwrite": false,
        "html": false,
        "json": true
      },
      "version": "6.2.0"
    }
  }
}