{
  "stats": {
    "suites": 1,
    "tests": 1,
    "passes": 0,
    "pending": 0,
    "failures": 1,
    "start": "2022-04-06T17:04:49.056Z",
    "end": "2022-04-06T17:04:53.783Z",
    "duration": 4727,
    "testsRegistered": 6,
    "passPercent": 0,
    "pendingPercent": 0,
    "other": 1,
    "hasOther": true,
    "skipped": 5,
    "hasSkipped": true
  },
  "results": [
    {
      "uuid": "1579d8dc-2038-491a-8f7b-2d4a2d50330a",
      "title": "",
      "fullFile": "cypress/fixtures/LoginTest.feature",
      "file": "cypress/fixtures/LoginTest.feature",
      "beforeHooks": [],
      "afterHooks": [],
      "tests": [],
      "suites": [
        {
          "uuid": "6cf611f2-545b-428d-be06-295709f5887e",
          "title": "Login",
          "fullFile": "",
          "file": "",
          "beforeHooks": [],
          "afterHooks": [],
          "tests": [
            {
              "title": "LoginTest (example #1)",
              "fullTitle": "Login LoginTest (example #1)",
              "timedOut": null,
              "duration": 376,
              "state": "failed",
              "speed": null,
              "pass": false,
              "fail": true,
              "pending": false,
              "context": null,
              "code": "const state = window.testState;\nreturn cy\n  .then(() => state.onStartScenario(scenario, indexedSteps))\n  .then(() =>\n    resolveAndRunBeforeHooks.call(this, scenario.tags, state.feature.name)\n  )\n  .then(() =>\n    indexedSteps.forEach((step) =>\n      stepTest.call(this, state, step, rowData)\n    )\n  )\n  .then(() => state.onFinishScenario(scenario));",
              "err": {
                "message": "CypressError: `cy.task('ctrLogFiles')` failed with the following error:\n\nThe 'task' event has not been registered in the plugins file. You must register it before using cy.task()\n\nFix this in your plugins file here:\nC:\\cypress\\swaglabs\\cypress\\plugins\\index.js\n\nhttps://on.cypress.io/api/task\n\nBecause this error occurred during a `after all` hook we are skipping all of the remaining tests.",
                "estack": "CypressError: `cy.task('ctrLogFiles')` failed with the following error:\n\nThe 'task' event has not been registered in the plugins file. You must register it before using cy.task()\n\nFix this in your plugins file here:\nC:\\cypress\\swaglabs\\cypress\\plugins\\index.js\n\nhttps://on.cypress.io/api/task\n\nBecause this error occurred during a `after all` hook we are skipping all of the remaining tests.\n    at https://www.saucedemo.com/__cypress/runner/cypress_runner.js:162256:80\n    at tryCatcher (https://www.saucedemo.com/__cypress/runner/cypress_runner.js:13022:23)\n    at Promise._settlePromiseFromHandler (https://www.saucedemo.com/__cypress/runner/cypress_runner.js:10957:31)\n    at Promise._settlePromise (https://www.saucedemo.com/__cypress/runner/cypress_runner.js:11014:18)\n    at Promise._settlePromise0 (https://www.saucedemo.com/__cypress/runner/cypress_runner.js:11059:10)\n    at Promise._settlePromises (https://www.saucedemo.com/__cypress/runner/cypress_runner.js:11135:18)\n    at _drainQueueStep (https://www.saucedemo.com/__cypress/runner/cypress_runner.js:7729:12)\n    at _drainQueue (https://www.saucedemo.com/__cypress/runner/cypress_runner.js:7722:9)\n    at Async.../../node_modules/bluebird/js/release/async.js.Async._drainQueues (https://www.saucedemo.com/__cypress/runner/cypress_runner.js:7738:5)\n    at Async.drainQueues (https://www.saucedemo.com/__cypress/runner/cypress_runner.js:7608:14)\nFrom Your Spec Code:\n    at Context.eval (https://www.saucedemo.com/__cypress/tests?p=cypress\\support\\index.js:1285:10)",
                "diff": null
              },
              "uuid": "5bc0e93c-00b5-45b5-a28d-2ed025f02fbe",
              "parentUUID": "6cf611f2-545b-428d-be06-295709f5887e",
              "isHook": false,
              "skipped": false
            },
            {
              "title": "LoginTest (example #2)",
              "fullTitle": "Login LoginTest (example #2)",
              "timedOut": null,
              "duration": 0,
              "state": "skipped",
              "speed": null,
              "pass": false,
              "fail": false,
              "pending": false,
              "context": null,
              "code": "const state = window.testState;\nreturn cy\n  .then(() => state.onStartScenario(scenario, indexedSteps))\n  .then(() =>\n    resolveAndRunBeforeHooks.call(this, scenario.tags, state.feature.name)\n  )\n  .then(() =>\n    indexedSteps.forEach((step) =>\n      stepTest.call(this, state, step, rowData)\n    )\n  )\n  .then(() => state.onFinishScenario(scenario));",
              "err": {},
              "uuid": "6f8f722f-53af-4a0c-a201-b1936c467da1",
              "parentUUID": "6cf611f2-545b-428d-be06-295709f5887e",
              "isHook": false,
              "skipped": true
            },
            {
              "title": "LoginTest (example #3)",
              "fullTitle": "Login LoginTest (example #3)",
              "timedOut": null,
              "duration": 0,
              "state": "skipped",
              "speed": null,
              "pass": false,
              "fail": false,
              "pending": false,
              "context": null,
              "code": "const state = window.testState;\nreturn cy\n  .then(() => state.onStartScenario(scenario, indexedSteps))\n  .then(() =>\n    resolveAndRunBeforeHooks.call(this, scenario.tags, state.feature.name)\n  )\n  .then(() =>\n    indexedSteps.forEach((step) =>\n      stepTest.call(this, state, step, rowData)\n    )\n  )\n  .then(() => state.onFinishScenario(scenario));",
              "err": {},
              "uuid": "91a3b5e1-1746-428a-8086-3805c8102201",
              "parentUUID": "6cf611f2-545b-428d-be06-295709f5887e",
              "isHook": false,
              "skipped": true
            },
            {
              "title": "LoginTest (example #4)",
              "fullTitle": "Login LoginTest (example #4)",
              "timedOut": null,
              "duration": 0,
              "state": "skipped",
              "speed": null,
              "pass": false,
              "fail": false,
              "pending": false,
              "context": null,
              "code": "const state = window.testState;\nreturn cy\n  .then(() => state.onStartScenario(scenario, indexedSteps))\n  .then(() =>\n    resolveAndRunBeforeHooks.call(this, scenario.tags, state.feature.name)\n  )\n  .then(() =>\n    indexedSteps.forEach((step) =>\n      stepTest.call(this, state, step, rowData)\n    )\n  )\n  .then(() => state.onFinishScenario(scenario));",
              "err": {},
              "uuid": "d57031e8-52a8-4a2a-8046-0bec8e9be551",
              "parentUUID": "6cf611f2-545b-428d-be06-295709f5887e",
              "isHook": false,
              "skipped": true
            },
            {
              "title": "LoginTest (example #5)",
              "fullTitle": "Login LoginTest (example #5)",
              "timedOut": null,
              "duration": 0,
              "state": "skipped",
              "speed": null,
              "pass": false,
              "fail": false,
              "pending": false,
              "context": null,
              "code": "const state = window.testState;\nreturn cy\n  .then(() => state.onStartScenario(scenario, indexedSteps))\n  .then(() =>\n    resolveAndRunBeforeHooks.call(this, scenario.tags, state.feature.name)\n  )\n  .then(() =>\n    indexedSteps.forEach((step) =>\n      stepTest.call(this, state, step, rowData)\n    )\n  )\n  .then(() => state.onFinishScenario(scenario));",
              "err": {},
              "uuid": "fe80af54-85d1-4dbd-a1d9-fde8f8cc5e2a",
              "parentUUID": "6cf611f2-545b-428d-be06-295709f5887e",
              "isHook": false,
              "skipped": true
            },
            {
              "title": "LoginTest (example #6)",
              "fullTitle": "Login LoginTest (example #6)",
              "timedOut": null,
              "duration": 0,
              "state": "skipped",
              "speed": null,
              "pass": false,
              "fail": false,
              "pending": false,
              "context": null,
              "code": "const state = window.testState;\nreturn cy\n  .then(() => state.onStartScenario(scenario, indexedSteps))\n  .then(() =>\n    resolveAndRunBeforeHooks.call(this, scenario.tags, state.feature.name)\n  )\n  .then(() =>\n    indexedSteps.forEach((step) =>\n      stepTest.call(this, state, step, rowData)\n    )\n  )\n  .then(() => state.onFinishScenario(scenario));",
              "err": {},
              "uuid": "5eba1196-0183-4745-8c29-243afd7bb2fd",
              "parentUUID": "6cf611f2-545b-428d-be06-295709f5887e",
              "isHook": false,
              "skipped": true
            }
          ],
          "suites": [],
          "passes": [],
          "failures": [
            "5bc0e93c-00b5-45b5-a28d-2ed025f02fbe"
          ],
          "pending": [],
          "skipped": [
            "6f8f722f-53af-4a0c-a201-b1936c467da1",
            "91a3b5e1-1746-428a-8086-3805c8102201",
            "d57031e8-52a8-4a2a-8046-0bec8e9be551",
            "fe80af54-85d1-4dbd-a1d9-fde8f8cc5e2a",
            "5eba1196-0183-4745-8c29-243afd7bb2fd"
          ],
          "duration": 376,
          "root": false,
          "rootEmpty": false,
          "_timeout": 2000
        }
      ],
      "passes": [],
      "failures": [],
      "pending": [],
      "skipped": [],
      "duration": 0,
      "root": true,
      "rootEmpty": true,
      "_timeout": 2000
    }
  ],
  "meta": {
    "mocha": {
      "version": "7.0.1"
    },
    "mochawesome": {
      "options": {
        "quiet": false,
        "reportFilename": "mochawesome",
        "saveHtml": false,
        "saveJson": true,
        "consoleReporter": "spec",
        "useInlineDiffs": false,
        "code": true
      },
      "version": "7.1.3"
    },
    "marge": {
      "options": {
        "files": "mochawesome-report",
        "overwrite": false,
        "html": false,
        "json": true
      },
      "version": "6.2.0"
    }
  }
}